{"level":"debug","message":"Requisição recebida para buscar uma lista de projetos limitados","timestamp":"2024-08-17T17:45:08.669Z"}
{"level":"info","message":"Busca por projetos limitada a 20 realizada com sucesso","timestamp":"2024-08-17T17:45:08.733Z"}
{"level":"debug","message":"Requisição recebida para criar projeto com dados: {\"title\":\"tetehte\",\"description\":\"tetet\",\"goal\":4124124,\"image\":\"https://ae01.alicdn.com/kf/H7c18f7457f85492b8c7e61cf592f8376z/Ingl-s-yugioh-cart-es-lbum-YU-GI-OH-cart-o-de-jogo-negocia-o-batalha.jpg\",\"deadline\":\"2222-02-22\",\"category\":\"Jogos\",\"author\":\"441\",\"chavePix\":\"4234234\"}","timestamp":"2024-08-17T17:45:42.843Z"}
{"level":"error","message":"Erro ao criar projeto: Project validation failed: author: Path `author` is required.","timestamp":"2024-08-17T17:45:42.854Z"}
{"level":"debug","message":"Requisição recebida para criar projeto com dados: {\"title\":\"tetehte\",\"description\":\"tetet\",\"goal\":4124124,\"image\":\"https://ae01.alicdn.com/kf/H7c18f7457f85492b8c7e61cf592f8376z/Ingl-s-yugioh-cart-es-lbum-YU-GI-OH-cart-o-de-jogo-negocia-o-batalha.jpg\",\"deadline\":\"2222-02-22\",\"category\":\"Jogos\",\"author\":\"441\",\"chavePix\":\"4234234\"}","timestamp":"2024-08-17T17:46:20.688Z"}
{"level":"error","message":"Erro ao criar projeto: Project validation failed: author: Path `author` is required.","timestamp":"2024-08-17T17:46:20.692Z"}
{"level":"debug","message":"Requisição recebida para criar projeto com dados: {\"title\":\"tetehte\",\"description\":\"tetet\",\"goal\":4124124,\"image\":\"https://ae01.alicdn.com/kf/H7c18f7457f85492b8c7e61cf592f8376z/Ingl-s-yugioh-cart-es-lbum-YU-GI-OH-cart-o-de-jogo-negocia-o-batalha.jpg\",\"deadline\":\"2222-02-22\",\"category\":\"Jogos\",\"author\":\"teste\",\"chavePix\":\"4234234\"}","timestamp":"2024-08-17T17:48:58.133Z"}
{"level":"error","message":"Erro ao criar projeto: Project validation failed: author: Path `author` is required.","timestamp":"2024-08-17T17:48:58.138Z"}
{"level":"debug","message":"Requisição recebida para criar projeto com dados: {\"title\":\"tetehte\",\"description\":\"tetet\",\"goal\":4124124,\"image\":\"https://ae01.alicdn.com/kf/H7c18f7457f85492b8c7e61cf592f8376z/Ingl-s-yugioh-cart-es-lbum-YU-GI-OH-cart-o-de-jogo-negocia-o-batalha.jpg\",\"deadline\":\"2222-02-22\",\"category\":\"Jogos\",\"author\":\"teste\",\"chavePix\":\"4234234\"}","timestamp":"2024-08-17T17:49:43.603Z"}
{"level":"error","message":"Erro ao criar projeto: Project validation failed: author: Path `author` is required.","timestamp":"2024-08-17T17:49:43.608Z"}
{"level":"debug","message":"Requisição recebida para buscar uma lista de projetos limitados","timestamp":"2024-08-17T17:59:42.001Z"}
{"level":"info","message":"Busca por projetos limitada a 20 realizada com sucesso","timestamp":"2024-08-17T17:59:42.068Z"}
{"level":"debug","message":"Requisição recebida para criar projeto com dados: {\"title\":\"userteste\",\"description\":\"teste1234\",\"goal\":100,\"image\":\"https://ae01.alicdn.com/kf/H7c18f7457f85492b8c7e61cf592f8376z/Ingl-s-yugioh-cart-es-lbum-YU-GI-OH-cart-o-de-jogo-negocia-o-batalha.jpg\",\"deadline\":\"2024-08-06\",\"category\":\"Tecnologia\",\"author\":\"userteste\",\"chavePix\":\"1234\"}","timestamp":"2024-08-17T18:00:17.872Z"}
{"level":"error","message":"Erro ao criar projeto: Project validation failed: author: Path `author` is required.","timestamp":"2024-08-17T18:00:17.880Z"}
{"level":"debug","message":"Requisição recebida para criar projeto com dados: {\"title\":\"userteste\",\"description\":\"teste1234\",\"goal\":100,\"image\":\"https://ae01.alicdn.com/kf/H7c18f7457f85492b8c7e61cf592f8376z/Ingl-s-yugioh-cart-es-lbum-YU-GI-OH-cart-o-de-jogo-negocia-o-batalha.jpg\",\"deadline\":\"2024-08-06\",\"category\":\"Tecnologia\",\"author\":\"userteste\",\"chavePix\":\"1234\"}","timestamp":"2024-08-17T18:01:52.465Z"}
{"level":"error","message":"Erro ao criar projeto: author is not defined","timestamp":"2024-08-17T18:01:52.487Z"}
{"level":"debug","message":"Requisição recebida para criar projeto com dados: {\"title\":\"userteste\",\"description\":\"teste1234\",\"goal\":100,\"image\":\"https://ae01.alicdn.com/kf/H7c18f7457f85492b8c7e61cf592f8376z/Ingl-s-yugioh-cart-es-lbum-YU-GI-OH-cart-o-de-jogo-negocia-o-batalha.jpg\",\"deadline\":\"2024-08-06\",\"category\":\"Tecnologia\",\"author\":\"userteste\",\"chavePix\":\"1234\"}","timestamp":"2024-08-17T18:02:29.398Z"}
{"level":"info","message":"Projeto criado com sucesso: 66c0e5b51b1e4206aa820c86","timestamp":"2024-08-17T18:02:29.469Z"}
{"level":"debug","message":"Requisição recebida para buscar uma lista de projetos limitados","timestamp":"2024-08-17T18:02:31.941Z"}
{"level":"info","message":"Busca por projetos limitada a 20 realizada com sucesso","timestamp":"2024-08-17T18:02:31.998Z"}
